2025-08-15 10:12:19,477 - INFO - Starting data freshness monitoring...
2025-08-15 10:12:19,478 - INFO - Scanning 74 data files...
2025-08-15 10:12:19,478 - INFO - Checking orca-traction.json.gz...
2025-08-15 10:12:40,181 - INFO - Starting data freshness monitoring...
2025-08-15 10:12:40,182 - INFO - Scanning 74 data files...
2025-08-15 10:12:40,182 - INFO - Checking orca-traction.json.gz...
2025-08-15 10:12:40,245 - WARNING - Stale data detected in orca-traction.json.gz: Latest data point is 34.2 hours old
2025-08-15 10:12:40,245 - INFO - Checking traders.json.gz...
2025-08-15 10:12:40,247 - INFO - ✓ traders.json.gz data is fresh
2025-08-15 10:12:40,247 - INFO - Checking depin.json.gz...
2025-08-15 10:12:40,259 - WARNING - Stale data detected in depin.json.gz: Latest data point is 58.2 hours old
2025-08-15 10:12:40,259 - INFO - Checking test.json.gz...
2025-08-15 10:12:40,271 - WARNING - Stale data detected in test.json.gz: Latest data point is 3298.2 hours old
2025-08-15 10:12:40,271 - INFO - Checking launchpads-fee-revenue.json.gz...
2025-08-15 10:12:40,278 - WARNING - Stale data detected in launchpads-fee-revenue.json.gz: Latest data point is 106.2 hours old
2025-08-15 10:12:40,278 - INFO - Checking _summary.json.gz...
2025-08-15 10:12:40,278 - INFO - ✓ _summary.json.gz data is fresh
2025-08-15 10:12:40,278 - INFO - Checking nft-ecosystem.json.gz...
2025-08-15 10:12:40,281 - WARNING - Stale data detected in nft-ecosystem.json.gz: Latest data point is 154.2 hours old
2025-08-15 10:12:40,282 - INFO - Checking helium-governance.json.gz...
2025-08-15 10:12:40,288 - INFO - ✓ helium-governance.json.gz data is fresh
2025-08-15 10:12:40,288 - INFO - Checking transaction-bytes.json.gz...
2025-08-15 10:12:40,289 - WARNING - Stale data detected in transaction-bytes.json.gz: Latest data point is 34.2 hours old
2025-08-15 10:12:40,289 - INFO - Checking launchpads-financials.json.gz...
2025-08-15 10:12:40,337 - WARNING - Stale data detected in launchpads-financials.json.gz: Latest data point is 106.2 hours old
2025-08-15 10:12:40,337 - INFO - Checking valuation-insights-overview.json.gz...
2025-08-15 10:12:40,378 - WARNING - Stale data detected in valuation-insights-overview.json.gz: Latest data point is 274.2 hours old
2025-08-15 10:12:40,378 - INFO - Checking sf-payments.json.gz...
2025-08-15 10:12:40,386 - INFO - ✓ sf-payments.json.gz data is fresh
2025-08-15 10:12:40,386 - INFO - Checking dex-summary.json.gz...
2025-08-15 10:12:40,394 - WARNING - Stale data detected in dex-summary.json.gz: Latest data point is 58.2 hours old
2025-08-15 10:12:40,394 - INFO - Checking dex-ecosystem.json.gz...
2025-08-15 10:12:40,453 - WARNING - Stale data detected in dex-ecosystem.json.gz: Latest data point is 34.2 hours old
2025-08-15 10:12:40,453 - INFO - Checking cu-overspending.json.gz...
2025-08-15 10:12:40,454 - INFO - ✓ cu-overspending.json.gz data is fresh
2025-08-15 10:12:40,454 - INFO - Checking raydium-competetive-landscape.json.gz...
2025-08-15 10:12:40,555 - WARNING - Stale data detected in raydium-competetive-landscape.json.gz: Latest data point is 34.2 hours old
2025-08-15 10:12:40,555 - INFO - Checking network-usage.json.gz...
2025-08-15 10:12:40,566 - INFO - ✓ network-usage.json.gz data is fresh
2025-08-15 10:12:40,566 - INFO - Checking metaplex-competetive-landscape.json.gz...
2025-08-15 10:12:40,568 - WARNING - Stale data detected in metaplex-competetive-landscape.json.gz: Latest data point is 106.2 hours old
2025-08-15 10:12:40,568 - INFO - Checking protocol-revenue-summary.json.gz...
2025-08-15 10:12:40,668 - WARNING - Stale data detected in protocol-revenue-summary.json.gz: Latest data point is 58.2 hours old
2025-08-15 10:12:40,669 - INFO - Checking orca-protocol-token.json.gz...
2025-08-15 10:12:40,682 - INFO - ✓ orca-protocol-token.json.gz data is fresh
2025-08-15 10:12:40,682 - INFO - Checking rev-issuance-burn.json.gz...
2025-08-15 10:12:40,698 - INFO - ✓ rev-issuance-burn.json.gz data is fresh
2025-08-15 10:12:40,698 - INFO - Checking sf-vc-funding.json.gz...
2025-08-15 10:12:40,700 - INFO - ✓ sf-vc-funding.json.gz data is fresh
2025-08-15 10:12:40,700 - INFO - Checking stablecoins-platform-exchange.json.gz...
2025-08-15 10:12:40,700 - INFO - ✓ stablecoins-platform-exchange.json.gz data is fresh
2025-08-15 10:12:40,700 - INFO - Checking btc-tvl.json.gz...
2025-08-15 10:12:40,724 - WARNING - Stale data detected in btc-tvl.json.gz: Latest data point is 106.2 hours old
2025-08-15 10:12:40,724 - INFO - Checking helium-traction.json.gz...
2025-08-15 10:12:40,728 - INFO - ✓ helium-traction.json.gz data is fresh
2025-08-15 10:12:40,728 - INFO - Checking sf-bitcoin-on-solana.json.gz...
2025-08-15 10:12:40,741 - WARNING - Stale data detected in sf-bitcoin-on-solana.json.gz: Latest data point is 58.2 hours old
2025-08-15 10:12:40,741 - INFO - Checking sol-strategies-overview.json.gz...
2025-08-15 10:12:40,746 - INFO - ✓ sol-strategies-overview.json.gz data is fresh
2025-08-15 10:12:40,746 - INFO - Checking sol-strategies-revenue.json.gz...
2025-08-15 10:12:40,752 - INFO - ✓ sol-strategies-revenue.json.gz data is fresh
2025-08-15 10:12:40,752 - INFO - Checking stablecoin-usage.json.gz...
2025-08-15 10:12:40,961 - WARNING - Stale data detected in stablecoin-usage.json.gz: Latest data point is 58.2 hours old
2025-08-15 10:12:40,961 - INFO - Checking rev-cost-capacity.json.gz...
2025-08-15 10:12:40,980 - WARNING - Stale data detected in rev-cost-capacity.json.gz: Latest data point is 82.2 hours old
2025-08-15 10:12:40,980 - INFO - Checking raydium-financials.json.gz...
2025-08-15 10:12:41,060 - INFO - ✓ raydium-financials.json.gz data is fresh
2025-08-15 10:12:41,060 - INFO - Checking helium-financials.json.gz...
2025-08-15 10:12:41,064 - INFO - ✓ helium-financials.json.gz data is fresh
2025-08-15 10:12:41,064 - INFO - Checking holders-supply.json.gz...
2025-08-15 10:12:41,079 - WARNING - Stale data detected in holders-supply.json.gz: Latest data point is 58.2 hours old
2025-08-15 10:12:41,079 - INFO - Checking sf-treasury.json.gz...
2025-08-15 10:12:41,079 - INFO - ✓ sf-treasury.json.gz data is fresh
2025-08-15 10:12:41,079 - INFO - Checking sf-ai-tokens.json.gz...
2025-08-15 10:12:41,096 - WARNING - Stale data detected in sf-ai-tokens.json.gz: Latest data point is 58.2 hours old
2025-08-15 10:12:41,096 - INFO - Checking sf-stablecoins.json.gz...
2025-08-15 10:12:41,129 - WARNING - Stale data detected in sf-stablecoins.json.gz: Latest data point is 58.2 hours old
2025-08-15 10:12:41,129 - INFO - Checking aggregators.json.gz...
2025-08-15 10:12:41,129 - INFO - ✓ aggregators.json.gz data is fresh
2025-08-15 10:12:41,129 - INFO - Checking orca-competetive-landscape.json.gz...
2025-08-15 10:12:41,218 - WARNING - Stale data detected in orca-competetive-landscape.json.gz: Latest data point is 34.2 hours old
2025-08-15 10:12:41,218 - INFO - Checking dex-activity.json.gz...
2025-08-15 10:12:41,220 - INFO - ✓ dex-activity.json.gz data is fresh
2025-08-15 10:12:41,220 - INFO - Checking total.json.gz...
2025-08-15 10:12:41,256 - WARNING - Stale data detected in total.json.gz: Latest data point is 34.2 hours old
2025-08-15 10:12:41,256 - INFO - Checking metaplex-protocol-token.json.gz...
2025-08-15 10:12:41,261 - WARNING - Stale data detected in metaplex-protocol-token.json.gz: Latest data point is 106.2 hours old
2025-08-15 10:12:41,261 - INFO - Checking orca-financials.json.gz...
2025-08-15 10:12:41,312 - WARNING - Stale data detected in orca-financials.json.gz: Latest data point is 34.2 hours old
2025-08-15 10:12:41,312 - INFO - Checking raydium-protocol-token.json.gz...
2025-08-15 10:12:41,324 - INFO - ✓ raydium-protocol-token.json.gz data is fresh
2025-08-15 10:12:41,324 - INFO - Checking xstocks-traction.json.gz...
2025-08-15 10:12:41,336 - INFO - ✓ xstocks-traction.json.gz data is fresh
2025-08-15 10:12:41,336 - INFO - Checking orca-competitive-landscape.json.gz...
2025-08-15 10:12:41,427 - WARNING - Stale data detected in orca-competitive-landscape.json.gz: Latest data point is 34.2 hours old
2025-08-15 10:12:41,427 - INFO - Checking helium-protocol-token.json.gz...
2025-08-15 10:12:41,436 - WARNING - Stale data detected in helium-protocol-token.json.gz: Latest data point is 82.2 hours old
2025-08-15 10:12:41,436 - INFO - Checking market-dynamics.json.gz...
2025-08-15 10:12:41,456 - WARNING - Stale data detected in market-dynamics.json.gz: Latest data point is 34.2 hours old
2025-08-15 10:12:41,456 - INFO - Checking xstocks-fee-revenue.json.gz...
2025-08-15 10:12:41,457 - INFO - ✓ xstocks-fee-revenue.json.gz data is fresh
2025-08-15 10:12:41,457 - INFO - Checking launchpads-traction.json.gz...
2025-08-15 10:12:41,470 - WARNING - Stale data detected in launchpads-traction.json.gz: Latest data point is 34.2 hours old
2025-08-15 10:12:41,470 - INFO - Checking dashboard.json.gz...
2025-08-15 10:12:41,471 - INFO - ✓ dashboard.json.gz data is fresh
2025-08-15 10:12:41,471 - INFO - Checking transfers.json.gz...
2025-08-15 10:12:41,472 - INFO - ✓ transfers.json.gz data is fresh
2025-08-15 10:12:41,472 - INFO - Checking sf-depin.json.gz...
2025-08-15 10:12:41,473 - WARNING - Stale data detected in sf-depin.json.gz: Latest data point is 34.2 hours old
2025-08-15 10:12:41,473 - INFO - Checking compute-units.json.gz...
2025-08-15 10:12:41,476 - WARNING - Stale data detected in compute-units.json.gz: Latest data point is 34.2 hours old
2025-08-15 10:12:41,476 - INFO - Checking transaction-activity.json.gz...
2025-08-15 10:12:41,638 - WARNING - Stale data detected in transaction-activity.json.gz: Latest data point is 34.2 hours old
2025-08-15 10:12:41,638 - INFO - Checking tvl.json.gz...
2025-08-15 10:12:41,661 - WARNING - Stale data detected in tvl.json.gz: Latest data point is 58.2 hours old
2025-08-15 10:12:41,661 - INFO - Checking sf-consumer.json.gz...
2025-08-15 10:12:41,665 - INFO - ✓ sf-consumer.json.gz data is fresh
2025-08-15 10:12:41,665 - INFO - Checking mint-burn.json.gz...
2025-08-15 10:12:41,704 - WARNING - Stale data detected in mint-burn.json.gz: Latest data point is 58.2 hours old
2025-08-15 10:12:41,704 - INFO - Checking dex-token-hotspots.json.gz...
2025-08-15 10:12:41,705 - INFO - ✓ dex-token-hotspots.json.gz data is fresh
2025-08-15 10:12:41,705 - INFO - Checking metaplex-traction.json.gz...
2025-08-15 10:12:41,713 - WARNING - Stale data detected in metaplex-traction.json.gz: Latest data point is 34.2 hours old
2025-08-15 10:12:41,713 - INFO - Checking sf-defi.json.gz...
2025-08-15 10:12:41,715 - WARNING - Stale data detected in sf-defi.json.gz: Latest data point is 274.2 hours old
2025-08-15 10:12:41,715 - INFO - Checking sf-overview.json.gz...
2025-08-15 10:12:41,852 - INFO - ✓ sf-overview.json.gz data is fresh
2025-08-15 10:12:41,852 - INFO - Checking cexs.json.gz...
2025-08-15 10:12:41,856 - INFO - ✓ cexs.json.gz data is fresh
2025-08-15 10:12:41,856 - INFO - Checking stablecoins-tvl.json.gz...
2025-08-15 10:12:41,859 - WARNING - Stale data detected in stablecoins-tvl.json.gz: Latest data point is 82.2 hours old
2025-08-15 10:12:41,859 - INFO - Checking launchpads-tokenized-equities.json.gz...
2025-08-15 10:12:41,878 - WARNING - Stale data detected in launchpads-tokenized-equities.json.gz: Latest data point is 34.2 hours old
2025-08-15 10:12:41,878 - INFO - Checking sol-strategies-financials.json.gz...
2025-08-15 10:12:41,881 - INFO - ✓ sol-strategies-financials.json.gz data is fresh
2025-08-15 10:12:41,881 - INFO - Checking liquidity-velocity.json.gz...
2025-08-15 10:12:42,010 - WARNING - Stale data detected in liquidity-velocity.json.gz: Latest data point is 34.2 hours old
2025-08-15 10:12:42,010 - INFO - Checking rev-total-economic-value.json.gz...
2025-08-15 10:12:42,014 - INFO - ✓ rev-total-economic-value.json.gz data is fresh
2025-08-15 10:12:42,014 - INFO - Checking extracted-value-pnl.json.gz...
2025-08-15 10:12:42,017 - WARNING - Stale data detected in extracted-value-pnl.json.gz: Latest data point is 34.2 hours old
2025-08-15 10:12:42,017 - INFO - Checking metaplex-financials.json.gz...
2025-08-15 10:12:42,021 - INFO - ✓ metaplex-financials.json.gz data is fresh
2025-08-15 10:12:42,021 - INFO - Checking mev-summary.json.gz...
2025-08-15 10:12:42,023 - WARNING - Stale data detected in mev-summary.json.gz: Latest data point is 34.2 hours old
2025-08-15 10:12:42,023 - INFO - Checking raydium-traction.json.gz...
2025-08-15 10:12:42,076 - INFO - ✓ raydium-traction.json.gz data is fresh
2025-08-15 10:12:42,076 - INFO - Checking volume.json.gz...
2025-08-15 10:12:42,171 - WARNING - Stale data detected in volume.json.gz: Latest data point is 34.2 hours old
2025-08-15 10:12:42,171 - INFO - Checking xstocks-tvl.json.gz...
2025-08-15 10:12:42,176 - WARNING - Stale data detected in xstocks-tvl.json.gz: Latest data point is 58.2 hours old
2025-08-15 10:12:42,176 - INFO - Checking sf-rwa.json.gz...
2025-08-15 10:12:42,179 - INFO - ✓ sf-rwa.json.gz data is fresh
2025-08-15 10:12:42,180 - WARNING - Telegram credentials not configured
2025-08-15 10:12:42,180 - ERROR - Failed to send notification
